2020-05-13 00:00:30.539 INFO [main]com.yy.mgr.back.Application.logStarting():50 -Starting Application on PC-201603161457 with PID 2852 (E:\IdealProject\infoMgr\back\target\classes started by Administrator in E:\IdealProject\infoMgr)
2020-05-13 00:00:30.557 INFO [main]com.yy.mgr.back.Application.logStartupProfileInfo():646 -No active profile set, falling back to default profiles: default
2020-05-13 00:00:35.666 INFO [main]org.apache.coyote.http11.Http11NioProtocol.log():173 -Initializing ProtocolHandler ["http-nio-9090"]
2020-05-13 00:00:35.691 INFO [main]org.apache.catalina.core.StandardService.log():173 -Starting service [Tomcat]
2020-05-13 00:00:35.692 INFO [main]org.apache.catalina.core.StandardEngine.log():173 -Starting Servlet engine: [Apache Tomcat/9.0.21]
2020-05-13 00:00:36.001 INFO [main]o.a.catalina.core.ContainerBase.[Tomcat].[localhost].[/].log():173 -Initializing Spring embedded WebApplicationContext
2020-05-13 00:00:37.506 INFO [main]org.apache.coyote.http11.Http11NioProtocol.log():173 -Starting ProtocolHandler ["http-nio-9090"]
2020-05-13 00:00:37.680 INFO [main]com.yy.mgr.back.Application.logStarted():59 -Started Application in 8.734 seconds (JVM running for 9.606)
2020-05-13 00:03:01.546 INFO [http-nio-9090-exec-1]o.a.catalina.core.ContainerBase.[Tomcat].[localhost].[/].log():173 -Initializing Spring DispatcherServlet 'dispatcherServlet'
2020-05-13 00:04:49.534 INFO [main]com.yy.mgr.back.Application.logStarting():50 -Starting Application on PC-201603161457 with PID 5252 (E:\IdealProject\infoMgr\back\target\classes started by Administrator in E:\IdealProject\infoMgr)
2020-05-13 00:04:49.540 INFO [main]com.yy.mgr.back.Application.logStartupProfileInfo():646 -No active profile set, falling back to default profiles: default
2020-05-13 00:04:53.469 INFO [main]org.apache.coyote.http11.Http11NioProtocol.log():173 -Initializing ProtocolHandler ["http-nio-9090"]
2020-05-13 00:04:53.532 INFO [main]org.apache.catalina.core.StandardService.log():173 -Starting service [Tomcat]
2020-05-13 00:04:53.533 INFO [main]org.apache.catalina.core.StandardEngine.log():173 -Starting Servlet engine: [Apache Tomcat/9.0.21]
2020-05-13 00:04:53.831 INFO [main]o.a.catalina.core.ContainerBase.[Tomcat].[localhost].[/].log():173 -Initializing Spring embedded WebApplicationContext
2020-05-13 00:04:55.023 INFO [main]org.apache.coyote.http11.Http11NioProtocol.log():173 -Starting ProtocolHandler ["http-nio-9090"]
2020-05-13 00:04:55.156 INFO [main]com.yy.mgr.back.Application.logStarted():59 -Started Application in 6.588 seconds (JVM running for 7.672)
2020-05-13 00:04:55.979 INFO [http-nio-9090-exec-1]o.a.catalina.core.ContainerBase.[Tomcat].[localhost].[/].log():173 -Initializing Spring DispatcherServlet 'dispatcherServlet'
2020-05-13 00:25:32.745 INFO [main]com.yy.mgr.back.Application.logStarting():50 -Starting Application on PC-201603161457 with PID 8668 (E:\IdealProject\infoMgr\back\target\classes started by Administrator in E:\IdealProject\infoMgr)
2020-05-13 00:25:32.757 INFO [main]com.yy.mgr.back.Application.logStartupProfileInfo():646 -No active profile set, falling back to default profiles: default
2020-05-13 00:25:37.207 INFO [main]org.apache.coyote.http11.Http11NioProtocol.log():173 -Initializing ProtocolHandler ["http-nio-9090"]
2020-05-13 00:25:37.230 INFO [main]org.apache.catalina.core.StandardService.log():173 -Starting service [Tomcat]
2020-05-13 00:25:37.231 INFO [main]org.apache.catalina.core.StandardEngine.log():173 -Starting Servlet engine: [Apache Tomcat/9.0.21]
2020-05-13 00:25:37.486 INFO [main]o.a.catalina.core.ContainerBase.[Tomcat].[localhost].[/].log():173 -Initializing Spring embedded WebApplicationContext
2020-05-13 00:25:39.183 INFO [main]org.apache.coyote.http11.Http11NioProtocol.log():173 -Starting ProtocolHandler ["http-nio-9090"]
2020-05-13 00:25:39.246 INFO [main]com.yy.mgr.back.Application.logStarted():59 -Started Application in 7.841 seconds (JVM running for 9.5)
2020-05-13 00:25:47.520 INFO [http-nio-9090-exec-1]o.a.catalina.core.ContainerBase.[Tomcat].[localhost].[/].log():173 -Initializing Spring DispatcherServlet 'dispatcherServlet'
2020-05-13 00:26:16.289 INFO [main]com.yy.mgr.back.Application.logStarting():50 -Starting Application on PC-201603161457 with PID 2616 (E:\IdealProject\infoMgr\back\target\classes started by Administrator in E:\IdealProject\infoMgr)
2020-05-13 00:26:16.298 INFO [main]com.yy.mgr.back.Application.logStartupProfileInfo():646 -No active profile set, falling back to default profiles: default
2020-05-13 00:26:20.885 INFO [main]org.apache.coyote.http11.Http11NioProtocol.log():173 -Initializing ProtocolHandler ["http-nio-9090"]
2020-05-13 00:26:20.930 INFO [main]org.apache.catalina.core.StandardService.log():173 -Starting service [Tomcat]
2020-05-13 00:26:20.931 INFO [main]org.apache.catalina.core.StandardEngine.log():173 -Starting Servlet engine: [Apache Tomcat/9.0.21]
2020-05-13 00:26:21.420 INFO [main]o.a.catalina.core.ContainerBase.[Tomcat].[localhost].[/].log():173 -Initializing Spring embedded WebApplicationContext
2020-05-13 00:26:22.548 INFO [main]org.apache.coyote.http11.Http11NioProtocol.log():173 -Starting ProtocolHandler ["http-nio-9090"]
2020-05-13 00:26:22.623 INFO [main]com.yy.mgr.back.Application.logStarted():59 -Started Application in 7.978 seconds (JVM running for 9.465)
2020-05-13 00:26:25.757 INFO [http-nio-9090-exec-1]o.a.catalina.core.ContainerBase.[Tomcat].[localhost].[/].log():173 -Initializing Spring DispatcherServlet 'dispatcherServlet'
2020-05-13 00:26:35.383 INFO [http-nio-9090-exec-1]com.yy.mgr.back.install.SftpUtils.<init>():47 -sftp is connect ip com.jcraft.jsch.Session@7e91d096 success
2020-05-13 00:29:16.015 INFO [main]com.yy.mgr.back.Application.logStarting():50 -Starting Application on PC-201603161457 with PID 2232 (E:\IdealProject\infoMgr\back\target\classes started by Administrator in E:\IdealProject\infoMgr)
2020-05-13 00:29:16.026 INFO [main]com.yy.mgr.back.Application.logStartupProfileInfo():646 -No active profile set, falling back to default profiles: default
2020-05-13 00:29:21.708 INFO [main]org.apache.coyote.http11.Http11NioProtocol.log():173 -Initializing ProtocolHandler ["http-nio-9090"]
2020-05-13 00:29:21.727 INFO [main]org.apache.catalina.core.StandardService.log():173 -Starting service [Tomcat]
2020-05-13 00:29:21.728 INFO [main]org.apache.catalina.core.StandardEngine.log():173 -Starting Servlet engine: [Apache Tomcat/9.0.21]
2020-05-13 00:29:22.069 INFO [main]o.a.catalina.core.ContainerBase.[Tomcat].[localhost].[/].log():173 -Initializing Spring embedded WebApplicationContext
2020-05-13 00:29:23.485 INFO [main]org.apache.coyote.http11.Http11NioProtocol.log():173 -Starting ProtocolHandler ["http-nio-9090"]
2020-05-13 00:29:23.675 INFO [main]com.yy.mgr.back.Application.logStarted():59 -Started Application in 9.029 seconds (JVM running for 10.572)
2020-05-13 00:29:30.735 INFO [http-nio-9090-exec-1]o.a.catalina.core.ContainerBase.[Tomcat].[localhost].[/].log():173 -Initializing Spring DispatcherServlet 'dispatcherServlet'
2020-05-13 00:29:39.491 INFO [http-nio-9090-exec-1]com.yy.mgr.back.install.SftpUtils.<init>():47 -sftp is connect ip com.jcraft.jsch.Session@5a705011 success
2020-05-13 00:30:42.818 DEBUG[background-preinit]o.h.v.m.ResourceBundleMessageInterpolator.buildExpressionFactory():89 -Loaded expression factory via original TCCL
2020-05-13 00:30:43.096 INFO [main]com.yy.mgr.back.Application.logStarting():50 -Starting Application on PC-201603161457 with PID 1228 (E:\IdealProject\infoMgr\back\target\classes started by Administrator in E:\IdealProject\infoMgr)
2020-05-13 00:30:43.099 INFO [main]com.yy.mgr.back.Application.logStartupProfileInfo():646 -No active profile set, falling back to default profiles: default
2020-05-13 00:30:47.543 INFO [main]org.apache.coyote.http11.Http11NioProtocol.log():173 -Initializing ProtocolHandler ["http-nio-9090"]
2020-05-13 00:30:47.565 INFO [main]org.apache.catalina.core.StandardService.log():173 -Starting service [Tomcat]
2020-05-13 00:30:47.566 INFO [main]org.apache.catalina.core.StandardEngine.log():173 -Starting Servlet engine: [Apache Tomcat/9.0.21]
2020-05-13 00:30:47.878 INFO [main]o.a.catalina.core.ContainerBase.[Tomcat].[localhost].[/].log():173 -Initializing Spring embedded WebApplicationContext
2020-05-13 00:30:49.102 INFO [main]org.apache.coyote.http11.Http11NioProtocol.log():173 -Starting ProtocolHandler ["http-nio-9090"]
2020-05-13 00:30:49.199 INFO [main]com.yy.mgr.back.Application.logStarted():59 -Started Application in 7.406 seconds (JVM running for 8.913)
2020-05-13 00:30:54.988 INFO [http-nio-9090-exec-9]o.a.catalina.core.ContainerBase.[Tomcat].[localhost].[/].log():173 -Initializing Spring DispatcherServlet 'dispatcherServlet'
2020-05-13 00:31:14.774 INFO [http-nio-9090-exec-9]com.yy.mgr.back.install.SftpUtils.<init>():47 -sftp is connect ip com.jcraft.jsch.Session@14a5f1ff success
2020-05-13 00:32:49.438 INFO [main]com.yy.mgr.back.Application.logStarting():50 -Starting Application on PC-201603161457 with PID 9024 (E:\IdealProject\infoMgr\back\target\classes started by Administrator in E:\IdealProject\infoMgr)
2020-05-13 00:32:49.452 INFO [main]com.yy.mgr.back.Application.logStartupProfileInfo():646 -No active profile set, falling back to default profiles: default
2020-05-13 00:32:54.537 INFO [main]org.apache.coyote.http11.Http11NioProtocol.log():173 -Initializing ProtocolHandler ["http-nio-9090"]
2020-05-13 00:32:54.563 INFO [main]org.apache.catalina.core.StandardService.log():173 -Starting service [Tomcat]
2020-05-13 00:32:54.564 INFO [main]org.apache.catalina.core.StandardEngine.log():173 -Starting Servlet engine: [Apache Tomcat/9.0.21]
2020-05-13 00:32:54.939 INFO [main]o.a.catalina.core.ContainerBase.[Tomcat].[localhost].[/].log():173 -Initializing Spring embedded WebApplicationContext
2020-05-13 00:32:56.013 INFO [main]org.apache.coyote.http11.Http11NioProtocol.log():173 -Starting ProtocolHandler ["http-nio-9090"]
2020-05-13 00:32:56.122 INFO [main]com.yy.mgr.back.Application.logStarted():59 -Started Application in 8.125 seconds (JVM running for 9.546)
2020-05-13 00:32:56.235 INFO [http-nio-9090-exec-1]o.a.catalina.core.ContainerBase.[Tomcat].[localhost].[/].log():173 -Initializing Spring DispatcherServlet 'dispatcherServlet'
2020-05-13 00:33:06.144 INFO [http-nio-9090-exec-1]com.yy.mgr.back.install.SftpUtils.<init>():47 -sftp is connect ip com.jcraft.jsch.Session@6cd96c20 success
2020-05-13 00:34:54.930 INFO [main]com.yy.mgr.back.Application.logStarting():50 -Starting Application on PC-201603161457 with PID 6292 (E:\IdealProject\infoMgr\back\target\classes started by Administrator in E:\IdealProject\infoMgr)
2020-05-13 00:34:54.941 INFO [main]com.yy.mgr.back.Application.logStartupProfileInfo():646 -No active profile set, falling back to default profiles: default
2020-05-13 00:34:59.305 INFO [main]org.apache.coyote.http11.Http11NioProtocol.log():173 -Initializing ProtocolHandler ["http-nio-9090"]
2020-05-13 00:34:59.330 INFO [main]org.apache.catalina.core.StandardService.log():173 -Starting service [Tomcat]
2020-05-13 00:34:59.330 INFO [main]org.apache.catalina.core.StandardEngine.log():173 -Starting Servlet engine: [Apache Tomcat/9.0.21]
2020-05-13 00:34:59.780 INFO [main]o.a.catalina.core.ContainerBase.[Tomcat].[localhost].[/].log():173 -Initializing Spring embedded WebApplicationContext
2020-05-13 00:35:01.077 INFO [main]org.apache.coyote.http11.Http11NioProtocol.log():173 -Starting ProtocolHandler ["http-nio-9090"]
2020-05-13 00:35:01.162 INFO [main]com.yy.mgr.back.Application.logStarted():59 -Started Application in 7.542 seconds (JVM running for 9.133)
2020-05-13 00:35:13.427 INFO [http-nio-9090-exec-2]o.a.catalina.core.ContainerBase.[Tomcat].[localhost].[/].log():173 -Initializing Spring DispatcherServlet 'dispatcherServlet'
2020-05-13 00:35:22.179 INFO [http-nio-9090-exec-2]com.yy.mgr.back.install.SftpUtils.<init>():47 -sftp is connect ip com.jcraft.jsch.Session@5a705011 success
2020-05-13 00:38:35.482 INFO [main]com.yy.mgr.back.Application.logStarting():50 -Starting Application on PC-201603161457 with PID 8220 (E:\IdealProject\infoMgr\back\target\classes started by Administrator in E:\IdealProject\infoMgr)
2020-05-13 00:38:35.490 INFO [main]com.yy.mgr.back.Application.logStartupProfileInfo():646 -No active profile set, falling back to default profiles: default
2020-05-13 00:38:41.280 INFO [main]org.apache.coyote.http11.Http11NioProtocol.log():173 -Initializing ProtocolHandler ["http-nio-9090"]
2020-05-13 00:38:41.306 INFO [main]org.apache.catalina.core.StandardService.log():173 -Starting service [Tomcat]
2020-05-13 00:38:41.307 INFO [main]org.apache.catalina.core.StandardEngine.log():173 -Starting Servlet engine: [Apache Tomcat/9.0.21]
2020-05-13 00:38:41.654 INFO [main]o.a.catalina.core.ContainerBase.[Tomcat].[localhost].[/].log():173 -Initializing Spring embedded WebApplicationContext
2020-05-13 00:38:42.903 INFO [main]org.apache.coyote.http11.Http11NioProtocol.log():173 -Starting ProtocolHandler ["http-nio-9090"]
2020-05-13 00:38:43.102 INFO [main]com.yy.mgr.back.Application.logStarted():59 -Started Application in 9.308 seconds (JVM running for 10.566)
2020-05-13 00:38:49.859 INFO [http-nio-9090-exec-1]o.a.catalina.core.ContainerBase.[Tomcat].[localhost].[/].log():173 -Initializing Spring DispatcherServlet 'dispatcherServlet'
2020-05-13 00:39:00.105 INFO [http-nio-9090-exec-1]com.yy.mgr.back.install.SftpUtils.<init>():47 -sftp is connect ip com.jcraft.jsch.Session@4c84d746 success
2020-05-13 00:40:00.849 INFO [main]com.yy.mgr.back.Application.logStarting():50 -Starting Application on PC-201603161457 with PID 10148 (E:\IdealProject\infoMgr\back\target\classes started by Administrator in E:\IdealProject\infoMgr)
2020-05-13 00:40:00.857 INFO [main]com.yy.mgr.back.Application.logStartupProfileInfo():646 -No active profile set, falling back to default profiles: default
2020-05-13 00:40:06.557 INFO [main]org.apache.coyote.http11.Http11NioProtocol.log():173 -Initializing ProtocolHandler ["http-nio-9090"]
2020-05-13 00:40:06.579 INFO [main]org.apache.catalina.core.StandardService.log():173 -Starting service [Tomcat]
2020-05-13 00:40:06.580 INFO [main]org.apache.catalina.core.StandardEngine.log():173 -Starting Servlet engine: [Apache Tomcat/9.0.21]
2020-05-13 00:40:06.908 INFO [main]o.a.catalina.core.ContainerBase.[Tomcat].[localhost].[/].log():173 -Initializing Spring embedded WebApplicationContext
2020-05-13 00:40:08.605 INFO [main]org.apache.coyote.http11.Http11NioProtocol.log():173 -Starting ProtocolHandler ["http-nio-9090"]
2020-05-13 00:40:08.711 INFO [main]com.yy.mgr.back.Application.logStarted():59 -Started Application in 9.521 seconds (JVM running for 10.854)
2020-05-13 00:40:09.745 INFO [http-nio-9090-exec-1]o.a.catalina.core.ContainerBase.[Tomcat].[localhost].[/].log():173 -Initializing Spring DispatcherServlet 'dispatcherServlet'
2020-05-13 00:40:19.082 INFO [http-nio-9090-exec-1]com.yy.mgr.back.install.SftpUtils.<init>():47 -sftp is connect ip com.jcraft.jsch.Session@2444aea5 success
2020-05-13 00:55:29.746 INFO [main]com.yy.mgr.back.Application.logStarting():50 -Starting Application on PC-201603161457 with PID 8800 (E:\IdealProject\infoMgr\back\target\classes started by Administrator in E:\IdealProject\infoMgr)
2020-05-13 00:55:29.764 INFO [main]com.yy.mgr.back.Application.logStartupProfileInfo():646 -No active profile set, falling back to default profiles: default
2020-05-13 00:55:36.256 INFO [main]org.apache.coyote.http11.Http11NioProtocol.log():173 -Initializing ProtocolHandler ["http-nio-9090"]
2020-05-13 00:55:36.280 INFO [main]org.apache.catalina.core.StandardService.log():173 -Starting service [Tomcat]
2020-05-13 00:55:36.281 INFO [main]org.apache.catalina.core.StandardEngine.log():173 -Starting Servlet engine: [Apache Tomcat/9.0.21]
2020-05-13 00:55:36.689 INFO [main]o.a.catalina.core.ContainerBase.[Tomcat].[localhost].[/].log():173 -Initializing Spring embedded WebApplicationContext
2020-05-13 00:55:38.098 INFO [main]org.apache.coyote.http11.Http11NioProtocol.log():173 -Starting ProtocolHandler ["http-nio-9090"]
2020-05-13 00:55:38.172 INFO [main]com.yy.mgr.back.Application.logStarted():59 -Started Application in 10.144 seconds (JVM running for 11.544)
2020-05-13 00:56:01.750 INFO [http-nio-9090-exec-1]o.a.catalina.core.ContainerBase.[Tomcat].[localhost].[/].log():173 -Initializing Spring DispatcherServlet 'dispatcherServlet'
2020-05-13 00:56:11.610 INFO [http-nio-9090-exec-1]com.yy.mgr.back.install.SftpUtils.<init>():51 -sftp is connect ip com.jcraft.jsch.Session@71aa9d61 success
2020-05-13 01:01:39.951 INFO [main]com.yy.mgr.back.Application.logStarting():50 -Starting Application on PC-201603161457 with PID 8956 (E:\IdealProject\infoMgr\back\target\classes started by Administrator in E:\IdealProject\infoMgr)
2020-05-13 01:01:39.959 INFO [main]com.yy.mgr.back.Application.logStartupProfileInfo():646 -No active profile set, falling back to default profiles: default
2020-05-13 01:01:45.043 INFO [main]org.apache.coyote.http11.Http11NioProtocol.log():173 -Initializing ProtocolHandler ["http-nio-9090"]
2020-05-13 01:01:45.076 INFO [main]org.apache.catalina.core.StandardService.log():173 -Starting service [Tomcat]
2020-05-13 01:01:45.077 INFO [main]org.apache.catalina.core.StandardEngine.log():173 -Starting Servlet engine: [Apache Tomcat/9.0.21]
2020-05-13 01:01:45.371 INFO [main]o.a.catalina.core.ContainerBase.[Tomcat].[localhost].[/].log():173 -Initializing Spring embedded WebApplicationContext
2020-05-13 01:01:46.581 INFO [main]org.apache.coyote.http11.Http11NioProtocol.log():173 -Starting ProtocolHandler ["http-nio-9090"]
2020-05-13 01:01:46.662 INFO [main]com.yy.mgr.back.Application.logStarted():59 -Started Application in 8.338 seconds (JVM running for 9.71)
2020-05-13 01:01:59.579 INFO [main]com.yy.mgr.back.Application.logStarting():50 -Starting Application on PC-201603161457 with PID 5168 (E:\IdealProject\infoMgr\back\target\classes started by Administrator in E:\IdealProject\infoMgr)
2020-05-13 01:01:59.587 INFO [main]com.yy.mgr.back.Application.logStartupProfileInfo():646 -No active profile set, falling back to default profiles: default
2020-05-13 01:02:04.513 INFO [main]org.apache.coyote.http11.Http11NioProtocol.log():173 -Initializing ProtocolHandler ["http-nio-9090"]
2020-05-13 01:02:04.537 INFO [main]org.apache.catalina.core.StandardService.log():173 -Starting service [Tomcat]
2020-05-13 01:02:04.538 INFO [main]org.apache.catalina.core.StandardEngine.log():173 -Starting Servlet engine: [Apache Tomcat/9.0.21]
2020-05-13 01:02:04.779 INFO [main]o.a.catalina.core.ContainerBase.[Tomcat].[localhost].[/].log():173 -Initializing Spring embedded WebApplicationContext
2020-05-13 01:02:05.779 INFO [main]org.apache.coyote.http11.Http11NioProtocol.log():173 -Starting ProtocolHandler ["http-nio-9090"]
2020-05-13 01:02:05.849 INFO [main]com.yy.mgr.back.Application.logStarted():59 -Started Application in 7.638 seconds (JVM running for 8.95)
2020-05-13 01:02:10.115 INFO [http-nio-9090-exec-1]o.a.catalina.core.ContainerBase.[Tomcat].[localhost].[/].log():173 -Initializing Spring DispatcherServlet 'dispatcherServlet'
2020-05-13 01:02:20.484 INFO [http-nio-9090-exec-1]com.yy.mgr.back.install.SftpUtils.<init>():52 -sftp is connect ip com.jcraft.jsch.Session@103b66d1 success
2020-05-13 01:05:14.414 WARN [http-nio-9090-exec-1]o.s.w.s.m.m.annotation.ExceptionHandlerExceptionResolver.doResolveHandlerMethodException():419 -Failure in @ExceptionHandler public com.yy.mgr.back.model.CommonReturn com.yy.mgr.back.controller.CommonExceptionHandler.handler(java.lang.Exception)
java.lang.NullPointerException: null
	at org.springframework.web.util.UrlPathHelper.removeJsessionid(UrlPathHelper.java:521)
	at org.springframework.web.util.UrlPathHelper.removeSemicolonContent(UrlPathHelper.java:506)
	at org.springframework.web.util.UrlPathHelper.decodeAndCleanUriString(UrlPathHelper.java:439)
	at org.springframework.web.util.UrlPathHelper.getOriginatingRequestUri(UrlPathHelper.java:386)
	at org.springframework.web.servlet.mvc.method.annotation.AbstractMessageConverterMethodProcessor.addContentDispositionHeader(AbstractMessageConverterMethodProcessor.java:428)
	at org.springframework.web.servlet.mvc.method.annotation.AbstractMessageConverterMethodProcessor.writeWithMessageConverters(AbstractMessageConverterMethodProcessor.java:288)
	at org.springframework.web.servlet.mvc.method.annotation.RequestResponseBodyMethodProcessor.handleReturnValue(RequestResponseBodyMethodProcessor.java:180)
	at org.springframework.web.method.support.HandlerMethodReturnValueHandlerComposite.handleReturnValue(HandlerMethodReturnValueHandlerComposite.java:82)
	at org.springframework.web.servlet.mvc.method.annotation.ServletInvocableHandlerMethod.invokeAndHandle(ServletInvocableHandlerMethod.java:122)
	at org.springframework.web.servlet.mvc.method.annotation.ExceptionHandlerExceptionResolver.doResolveHandlerMethodException(ExceptionHandlerExceptionResolver.java:412)
	at org.springframework.web.servlet.handler.AbstractHandlerMethodExceptionResolver.doResolveException(AbstractHandlerMethodExceptionResolver.java:61)
	at org.springframework.web.servlet.handler.AbstractHandlerExceptionResolver.resolveException(AbstractHandlerExceptionResolver.java:140)
	at org.springframework.web.servlet.handler.HandlerExceptionResolverComposite.resolveException(HandlerExceptionResolverComposite.java:79)
	at org.springframework.web.servlet.DispatcherServlet.processHandlerException(DispatcherServlet.java:1298)
	at org.springframework.web.servlet.DispatcherServlet.processDispatchResult(DispatcherServlet.java:1110)
	at org.springframework.web.servlet.DispatcherServlet.doDispatch(DispatcherServlet.java:1056)
	at org.springframework.web.servlet.DispatcherServlet.doService(DispatcherServlet.java:942)
	at org.springframework.web.servlet.FrameworkServlet.processRequest(FrameworkServlet.java:1005)
	at org.springframework.web.servlet.FrameworkServlet.doPost(FrameworkServlet.java:908)
	at javax.servlet.http.HttpServlet.service(HttpServlet.java:660)
	at org.springframework.web.servlet.FrameworkServlet.service(FrameworkServlet.java:882)
	at javax.servlet.http.HttpServlet.service(HttpServlet.java:741)
	at org.apache.catalina.core.ApplicationFilterChain.internalDoFilter(ApplicationFilterChain.java:231)
	at org.apache.catalina.core.ApplicationFilterChain.doFilter(ApplicationFilterChain.java:166)
	at org.apache.tomcat.websocket.server.WsFilter.doFilter(WsFilter.java:53)
	at org.apache.catalina.core.ApplicationFilterChain.internalDoFilter(ApplicationFilterChain.java:193)
	at org.apache.catalina.core.ApplicationFilterChain.doFilter(ApplicationFilterChain.java:166)
	at com.yy.mgr.back.filter.CorsFilter.doFilter(CorsFilter.java:37)
	at org.apache.catalina.core.ApplicationFilterChain.internalDoFilter(ApplicationFilterChain.java:193)
	at org.apache.catalina.core.ApplicationFilterChain.doFilter(ApplicationFilterChain.java:166)
	at org.springframework.web.filter.RequestContextFilter.doFilterInternal(RequestContextFilter.java:99)
	at org.springframework.web.filter.OncePerRequestFilter.doFilter(OncePerRequestFilter.java:109)
	at org.apache.catalina.core.ApplicationFilterChain.internalDoFilter(ApplicationFilterChain.java:193)
	at org.apache.catalina.core.ApplicationFilterChain.doFilter(ApplicationFilterChain.java:166)
	at org.springframework.web.filter.FormContentFilter.doFilterInternal(FormContentFilter.java:92)
	at org.springframework.web.filter.OncePerRequestFilter.doFilter(OncePerRequestFilter.java:109)
	at org.apache.catalina.core.ApplicationFilterChain.internalDoFilter(ApplicationFilterChain.java:193)
	at org.apache.catalina.core.ApplicationFilterChain.doFilter(ApplicationFilterChain.java:166)
	at org.springframework.web.filter.HiddenHttpMethodFilter.doFilterInternal(HiddenHttpMethodFilter.java:93)
	at org.springframework.web.filter.OncePerRequestFilter.doFilter(OncePerRequestFilter.java:109)
	at org.apache.catalina.core.ApplicationFilterChain.internalDoFilter(ApplicationFilterChain.java:193)
	at org.apache.catalina.core.ApplicationFilterChain.doFilter(ApplicationFilterChain.java:166)
	at org.springframework.web.filter.CharacterEncodingFilter.doFilterInternal(CharacterEncodingFilter.java:200)
	at org.springframework.web.filter.OncePerRequestFilter.doFilter(OncePerRequestFilter.java:109)
	at org.apache.catalina.core.ApplicationFilterChain.internalDoFilter(ApplicationFilterChain.java:193)
	at org.apache.catalina.core.ApplicationFilterChain.doFilter(ApplicationFilterChain.java:166)
	at org.apache.catalina.core.StandardWrapperValve.invoke(StandardWrapperValve.java:202)
	at org.apache.catalina.core.StandardContextValve.invoke(StandardContextValve.java:96)
	at org.apache.catalina.authenticator.AuthenticatorBase.invoke(AuthenticatorBase.java:490)
	at org.apache.catalina.core.StandardHostValve.invoke(StandardHostValve.java:139)
	at org.apache.catalina.valves.ErrorReportValve.invoke(ErrorReportValve.java:92)
	at org.apache.catalina.core.StandardEngineValve.invoke(StandardEngineValve.java:74)
	at org.apache.catalina.connector.CoyoteAdapter.service(CoyoteAdapter.java:343)
	at org.apache.coyote.http11.Http11Processor.service(Http11Processor.java:408)
	at org.apache.coyote.AbstractProcessorLight.process(AbstractProcessorLight.java:66)
	at org.apache.coyote.AbstractProtocol$ConnectionHandler.process(AbstractProtocol.java:853)
	at org.apache.tomcat.util.net.NioEndpoint$SocketProcessor.doRun(NioEndpoint.java:1587)
	at org.apache.tomcat.util.net.SocketProcessorBase.run(SocketProcessorBase.java:49)
	at java.util.concurrent.ThreadPoolExecutor.runWorker(ThreadPoolExecutor.java:1142)
	at java.util.concurrent.ThreadPoolExecutor$Worker.run(ThreadPoolExecutor.java:617)
	at org.apache.tomcat.util.threads.TaskThread$WrappingRunnable.run(TaskThread.java:61)
	at java.lang.Thread.run(Thread.java:745)
2020-05-13 01:05:18.873 INFO [main]com.yy.mgr.back.Application.logStarting():50 -Starting Application on PC-201603161457 with PID 2252 (E:\IdealProject\infoMgr\back\target\classes started by Administrator in E:\IdealProject\infoMgr)
2020-05-13 01:05:18.882 INFO [main]com.yy.mgr.back.Application.logStartupProfileInfo():646 -No active profile set, falling back to default profiles: default
2020-05-13 01:05:23.655 INFO [main]org.apache.coyote.http11.Http11NioProtocol.log():173 -Initializing ProtocolHandler ["http-nio-9090"]
2020-05-13 01:05:23.674 INFO [main]org.apache.catalina.core.StandardService.log():173 -Starting service [Tomcat]
2020-05-13 01:05:23.674 INFO [main]org.apache.catalina.core.StandardEngine.log():173 -Starting Servlet engine: [Apache Tomcat/9.0.21]
2020-05-13 01:05:23.957 INFO [main]o.a.catalina.core.ContainerBase.[Tomcat].[localhost].[/].log():173 -Initializing Spring embedded WebApplicationContext
2020-05-13 01:05:24.669 INFO [main]org.apache.coyote.http11.Http11NioProtocol.log():173 -Starting ProtocolHandler ["http-nio-9090"]
2020-05-13 01:05:24.816 INFO [main]com.yy.mgr.back.Application.logStarted():59 -Started Application in 7.045 seconds (JVM running for 8.03)
